Start testing: Dec 13 12:22 CET
----------------------------------------------------------
1/23 Testing: test_abahraoui_game_is_empty
1/23 Test: test_abahraoui_game_is_empty
Command: "/net/cremi/rolalanne/espaces/travail/takuzu-06b/build/game_test_abahraoui" "game_is_empty"
Directory: /net/cremi/rolalanne/espaces/travail/takuzu-06b/build
"test_abahraoui_game_is_empty" start time: Dec 13 12:22 CET
Output:
----------------------------------------------------------
=> Start test "game_is_empty"
Test "game_is_empty" finished: SUCCESS
<end of output>
Test time =   0.01 sec
----------------------------------------------------------
Test Passed.
"test_abahraoui_game_is_empty" end time: Dec 13 12:22 CET
"test_abahraoui_game_is_empty" time elapsed: 00:00:00
----------------------------------------------------------

2/23 Testing: test_abahraoui_game_play_move
2/23 Test: test_abahraoui_game_play_move
Command: "/net/cremi/rolalanne/espaces/travail/takuzu-06b/build/game_test_abahraoui" "game_play_move"
Directory: /net/cremi/rolalanne/espaces/travail/takuzu-06b/build
"test_abahraoui_game_play_move" start time: Dec 13 12:22 CET
Output:
----------------------------------------------------------
=> Start test "game_play_move"
Test "game_play_move" finished: SUCCESS
<end of output>
Test time =   0.00 sec
----------------------------------------------------------
Test Passed.
"test_abahraoui_game_play_move" end time: Dec 13 12:22 CET
"test_abahraoui_game_play_move" time elapsed: 00:00:00
----------------------------------------------------------

3/23 Testing: test_abahraoui_game_has_error
3/23 Test: test_abahraoui_game_has_error
Command: "/net/cremi/rolalanne/espaces/travail/takuzu-06b/build/game_test_abahraoui" "game_has_error"
Directory: /net/cremi/rolalanne/espaces/travail/takuzu-06b/build
"test_abahraoui_game_has_error" start time: Dec 13 12:22 CET
Output:
----------------------------------------------------------
=> Start test "game_has_error"
Test "game_has_error" finished: SUCCESS
<end of output>
Test time =   0.00 sec
----------------------------------------------------------
Test Passed.
"test_abahraoui_game_has_error" end time: Dec 13 12:22 CET
"test_abahraoui_game_has_error" time elapsed: 00:00:00
----------------------------------------------------------

4/23 Testing: test_abahraoui_game_restart
4/23 Test: test_abahraoui_game_restart
Command: "/net/cremi/rolalanne/espaces/travail/takuzu-06b/build/game_test_abahraoui" "game_restart"
Directory: /net/cremi/rolalanne/espaces/travail/takuzu-06b/build
"test_abahraoui_game_restart" start time: Dec 13 12:22 CET
Output:
----------------------------------------------------------
=> Start test "game_restart"
Test "game_restart" finished: SUCCESS
<end of output>
Test time =   0.00 sec
----------------------------------------------------------
Test Passed.
"test_abahraoui_game_restart" end time: Dec 13 12:22 CET
"test_abahraoui_game_restart" time elapsed: 00:00:00
----------------------------------------------------------

5/23 Testing: test_abahraoui_game_check_move
5/23 Test: test_abahraoui_game_check_move
Command: "/net/cremi/rolalanne/espaces/travail/takuzu-06b/build/game_test_abahraoui" "game_check_move"
Directory: /net/cremi/rolalanne/espaces/travail/takuzu-06b/build
"test_abahraoui_game_check_move" start time: Dec 13 12:22 CET
Output:
----------------------------------------------------------
=> Start test "game_check_move"
Test "game_check_move" finished: SUCCESS
<end of output>
Test time =   0.00 sec
----------------------------------------------------------
Test Passed.
"test_abahraoui_game_check_move" end time: Dec 13 12:22 CET
"test_abahraoui_game_check_move" time elapsed: 00:00:00
----------------------------------------------------------

6/23 Testing: test_abahraoui_game_is_over
6/23 Test: test_abahraoui_game_is_over
Command: "/net/cremi/rolalanne/espaces/travail/takuzu-06b/build/game_test_abahraoui" "game_is_over"
Directory: /net/cremi/rolalanne/espaces/travail/takuzu-06b/build
"test_abahraoui_game_is_over" start time: Dec 13 12:22 CET
Output:
----------------------------------------------------------
=> Start test "game_is_over"
Test "game_is_over" finished: SUCCESS
<end of output>
Test time =   0.00 sec
----------------------------------------------------------
Test Passed.
"test_abahraoui_game_is_over" end time: Dec 13 12:22 CET
"test_abahraoui_game_is_over" time elapsed: 00:00:00
----------------------------------------------------------

7/23 Testing: test_alelaffargue_dummy
7/23 Test: test_alelaffargue_dummy
Command: "/net/cremi/rolalanne/espaces/travail/takuzu-06b/build/game_test_alelaffargue" "dummy"
Directory: /net/cremi/rolalanne/espaces/travail/takuzu-06b/build
"test_alelaffargue_dummy" start time: Dec 13 12:22 CET
Output:
----------------------------------------------------------
=> Start test "dummy"
Test "dummy" finished: SUCCESS
<end of output>
Test time =   0.01 sec
----------------------------------------------------------
Test Passed.
"test_alelaffargue_dummy" end time: Dec 13 12:22 CET
"test_alelaffargue_dummy" time elapsed: 00:00:00
----------------------------------------------------------

8/23 Testing: test_alelaffargue_game_set_square
8/23 Test: test_alelaffargue_game_set_square
Command: "/net/cremi/rolalanne/espaces/travail/takuzu-06b/build/game_test_alelaffargue" "game_set_square"
Directory: /net/cremi/rolalanne/espaces/travail/takuzu-06b/build
"test_alelaffargue_game_set_square" start time: Dec 13 12:22 CET
Output:
----------------------------------------------------------
=> Start test "game_set_square"
Test "game_set_square" finished: SUCCESS
<end of output>
Test time =   0.00 sec
----------------------------------------------------------
Test Passed.
"test_alelaffargue_game_set_square" end time: Dec 13 12:22 CET
"test_alelaffargue_game_set_square" time elapsed: 00:00:00
----------------------------------------------------------

9/23 Testing: test_alelaffargue_game_default_solution
9/23 Test: test_alelaffargue_game_default_solution
Command: "/net/cremi/rolalanne/espaces/travail/takuzu-06b/build/game_test_alelaffargue" "game_default_solution"
Directory: /net/cremi/rolalanne/espaces/travail/takuzu-06b/build
"test_alelaffargue_game_default_solution" start time: Dec 13 12:22 CET
Output:
----------------------------------------------------------
=> Start test "game_default_solution"
Test "game_default_solution" finished: SUCCESS
<end of output>
Test time =   0.00 sec
----------------------------------------------------------
Test Passed.
"test_alelaffargue_game_default_solution" end time: Dec 13 12:22 CET
"test_alelaffargue_game_default_solution" time elapsed: 00:00:00
----------------------------------------------------------

10/23 Testing: test_alelaffargue_game_get_square
10/23 Test: test_alelaffargue_game_get_square
Command: "/net/cremi/rolalanne/espaces/travail/takuzu-06b/build/game_test_alelaffargue" "game_get_square"
Directory: /net/cremi/rolalanne/espaces/travail/takuzu-06b/build
"test_alelaffargue_game_get_square" start time: Dec 13 12:22 CET
Output:
----------------------------------------------------------
=> Start test "game_get_square"
Test "game_get_square" finished: SUCCESS
<end of output>
Test time =   0.00 sec
----------------------------------------------------------
Test Passed.
"test_alelaffargue_game_get_square" end time: Dec 13 12:22 CET
"test_alelaffargue_game_get_square" time elapsed: 00:00:00
----------------------------------------------------------

11/23 Testing: test_alelaffargue_game_get_number
11/23 Test: test_alelaffargue_game_get_number
Command: "/net/cremi/rolalanne/espaces/travail/takuzu-06b/build/game_test_alelaffargue" "game_get_number"
Directory: /net/cremi/rolalanne/espaces/travail/takuzu-06b/build
"test_alelaffargue_game_get_number" start time: Dec 13 12:22 CET
Output:
----------------------------------------------------------
=> Start test "game_get_number"
Test "game_get_number" finished: SUCCESS
<end of output>
Test time =   0.00 sec
----------------------------------------------------------
Test Passed.
"test_alelaffargue_game_get_number" end time: Dec 13 12:22 CET
"test_alelaffargue_game_get_number" time elapsed: 00:00:00
----------------------------------------------------------

12/23 Testing: test_alelaffargue_game_get_next_square
12/23 Test: test_alelaffargue_game_get_next_square
Command: "/net/cremi/rolalanne/espaces/travail/takuzu-06b/build/game_test_alelaffargue" "game_get_next_square"
Directory: /net/cremi/rolalanne/espaces/travail/takuzu-06b/build
"test_alelaffargue_game_get_next_square" start time: Dec 13 12:22 CET
Output:
----------------------------------------------------------
=> Start test "game_get_next_square"
Test "game_get_next_square" finished: SUCCESS
<end of output>
Test time =   0.00 sec
----------------------------------------------------------
Test Passed.
"test_alelaffargue_game_get_next_square" end time: Dec 13 12:22 CET
"test_alelaffargue_game_get_next_square" time elapsed: 00:00:00
----------------------------------------------------------

13/23 Testing: test_alelaffargue_game_get_next_number
13/23 Test: test_alelaffargue_game_get_next_number
Command: "/net/cremi/rolalanne/espaces/travail/takuzu-06b/build/game_test_alelaffargue" "game_get_next_number"
Directory: /net/cremi/rolalanne/espaces/travail/takuzu-06b/build
"test_alelaffargue_game_get_next_number" start time: Dec 13 12:22 CET
Output:
----------------------------------------------------------
=> Start test "game_get_next_number"
Test "game_get_next_number" finished: SUCCESS
<end of output>
Test time =   0.00 sec
----------------------------------------------------------
Test Passed.
"test_alelaffargue_game_get_next_number" end time: Dec 13 12:22 CET
"test_alelaffargue_game_get_next_number" time elapsed: 00:00:00
----------------------------------------------------------

14/23 Testing: test_alelaffargue_game_game_is_immutable
14/23 Test: test_alelaffargue_game_game_is_immutable
Command: "/net/cremi/rolalanne/espaces/travail/takuzu-06b/build/game_test_alelaffargue" "game_game_is_immutable"
Directory: /net/cremi/rolalanne/espaces/travail/takuzu-06b/build
"test_alelaffargue_game_game_is_immutable" start time: Dec 13 12:22 CET
Output:
----------------------------------------------------------
=> Start test "game_game_is_immutable"
Test "game_game_is_immutable" finished: SUCCESS
<end of output>
Test time =   0.00 sec
----------------------------------------------------------
Test Passed.
"test_alelaffargue_game_game_is_immutable" end time: Dec 13 12:22 CET
"test_alelaffargue_game_game_is_immutable" time elapsed: 00:00:00
----------------------------------------------------------

15/23 Testing: test_rolalanne_dummy
15/23 Test: test_rolalanne_dummy
Command: "/net/cremi/rolalanne/espaces/travail/takuzu-06b/build/game_test_rolalanne" "dummy"
Directory: /net/cremi/rolalanne/espaces/travail/takuzu-06b/build
"test_rolalanne_dummy" start time: Dec 13 12:22 CET
Output:
----------------------------------------------------------
-> Start test "dummy"
Test "dummy" finished: SUCCESS
<end of output>
Test time =   0.01 sec
----------------------------------------------------------
Test Passed.
"test_rolalanne_dummy" end time: Dec 13 12:22 CET
"test_rolalanne_dummy" time elapsed: 00:00:00
----------------------------------------------------------

16/23 Testing: test_rolalanne_game_print
16/23 Test: test_rolalanne_game_print
Command: "/net/cremi/rolalanne/espaces/travail/takuzu-06b/build/game_test_rolalanne" "game_print"
Directory: /net/cremi/rolalanne/espaces/travail/takuzu-06b/build
"test_rolalanne_game_print" start time: Dec 13 12:22 CET
Output:
----------------------------------------------------------
-> Start test "game_print"
Test "game_print" finished: SUCCESS
   012345
   ------
0 | BW   |
1 |      |
2 | W  W |
3 | WB   |
4 |  B  W|
5 |     W|
   ------
<end of output>
Test time =   0.00 sec
----------------------------------------------------------
Test Passed.
"test_rolalanne_game_print" end time: Dec 13 12:22 CET
"test_rolalanne_game_print" time elapsed: 00:00:00
----------------------------------------------------------

17/23 Testing: test_rolalanne_game_delete
17/23 Test: test_rolalanne_game_delete
Command: "/net/cremi/rolalanne/espaces/travail/takuzu-06b/build/game_test_rolalanne" "game_delete"
Directory: /net/cremi/rolalanne/espaces/travail/takuzu-06b/build
"test_rolalanne_game_delete" start time: Dec 13 12:22 CET
Output:
----------------------------------------------------------
-> Start test "game_delete"
Test "game_delete" finished: SUCCESS
<end of output>
Test time =   0.00 sec
----------------------------------------------------------
Test Passed.
"test_rolalanne_game_delete" end time: Dec 13 12:22 CET
"test_rolalanne_game_delete" time elapsed: 00:00:00
----------------------------------------------------------

18/23 Testing: test_rolalanne_game_new
18/23 Test: test_rolalanne_game_new
Command: "/net/cremi/rolalanne/espaces/travail/takuzu-06b/build/game_test_rolalanne" "game_new"
Directory: /net/cremi/rolalanne/espaces/travail/takuzu-06b/build
"test_rolalanne_game_new" start time: Dec 13 12:22 CET
Output:
----------------------------------------------------------
-> Start test "game_new"
Test "game_new" finished: SUCCESS
<end of output>
Test time =   0.00 sec
----------------------------------------------------------
Test Passed.
"test_rolalanne_game_new" end time: Dec 13 12:22 CET
"test_rolalanne_game_new" time elapsed: 00:00:00
----------------------------------------------------------

19/23 Testing: test_rolalanne_game_new_empty
19/23 Test: test_rolalanne_game_new_empty
Command: "/net/cremi/rolalanne/espaces/travail/takuzu-06b/build/game_test_rolalanne" "game_new_empty"
Directory: /net/cremi/rolalanne/espaces/travail/takuzu-06b/build
"test_rolalanne_game_new_empty" start time: Dec 13 12:22 CET
Output:
----------------------------------------------------------
-> Start test "game_new_empty"
Test "game_new_empty" finished: SUCCESS
<end of output>
Test time =   0.00 sec
----------------------------------------------------------
Test Passed.
"test_rolalanne_game_new_empty" end time: Dec 13 12:22 CET
"test_rolalanne_game_new_empty" time elapsed: 00:00:00
----------------------------------------------------------

20/23 Testing: test_rolalanne_game_copy
20/23 Test: test_rolalanne_game_copy
Command: "/net/cremi/rolalanne/espaces/travail/takuzu-06b/build/game_test_rolalanne" "game_copy"
Directory: /net/cremi/rolalanne/espaces/travail/takuzu-06b/build
"test_rolalanne_game_copy" start time: Dec 13 12:22 CET
Output:
----------------------------------------------------------
-> Start test "game_copy"
Test "game_copy" finished: SUCCESS
<end of output>
Test time =   0.00 sec
----------------------------------------------------------
Test Passed.
"test_rolalanne_game_copy" end time: Dec 13 12:22 CET
"test_rolalanne_game_copy" time elapsed: 00:00:00
----------------------------------------------------------

21/23 Testing: test_rolalanne_game_equal
21/23 Test: test_rolalanne_game_equal
Command: "/net/cremi/rolalanne/espaces/travail/takuzu-06b/build/game_test_rolalanne" "game_equal"
Directory: /net/cremi/rolalanne/espaces/travail/takuzu-06b/build
"test_rolalanne_game_equal" start time: Dec 13 12:22 CET
Output:
----------------------------------------------------------
-> Start test "game_equal"
Test "game_equal" finished: SUCCESS
<end of output>
Test time =   0.00 sec
----------------------------------------------------------
Test Passed.
"test_rolalanne_game_equal" end time: Dec 13 12:22 CET
"test_rolalanne_game_equal" time elapsed: 00:00:00
----------------------------------------------------------

22/23 Testing: test_rolalanne_game_default
22/23 Test: test_rolalanne_game_default
Command: "/net/cremi/rolalanne/espaces/travail/takuzu-06b/build/game_test_rolalanne" "game_default"
Directory: /net/cremi/rolalanne/espaces/travail/takuzu-06b/build
"test_rolalanne_game_default" start time: Dec 13 12:22 CET
Output:
----------------------------------------------------------
-> Start test "game_default"
Test "game_default" finished: SUCCESS
<end of output>
Test time =   0.00 sec
----------------------------------------------------------
Test Passed.
"test_rolalanne_game_default" end time: Dec 13 12:22 CET
"test_rolalanne_game_default" time elapsed: 00:00:00
----------------------------------------------------------

23/23 Testing: test_rolalanne_game_is_wrapping
23/23 Test: test_rolalanne_game_is_wrapping
Command: "/net/cremi/rolalanne/espaces/travail/takuzu-06b/build/game_test_rolalanne" "game_is_wrapping"
Directory: /net/cremi/rolalanne/espaces/travail/takuzu-06b/build
"test_rolalanne_game_is_wrapping" start time: Dec 13 12:22 CET
Output:
----------------------------------------------------------
-> Start test "game_is_wrapping"
Error: test "game_is_wrapping" not found!
<end of output>
Test time =   0.00 sec
----------------------------------------------------------
Test Failed.
"test_rolalanne_game_is_wrapping" end time: Dec 13 12:22 CET
"test_rolalanne_game_is_wrapping" time elapsed: 00:00:00
----------------------------------------------------------

End testing: Dec 13 12:22 CET
